<?xml version="1.0" encoding="UTF-8"?>
<!-- Generated by org.testng.reporters.JUnitReportReporter -->
<testsuite skipped="0" hostname="SREESAI-305" name="demos.Firstproject" tests="2" failures="0" timestamp="2021-08-29T15:03:11 IST" time="0.009" errors="0">
  <testcase name="test1" time="0.008" classname="demos.Firstproject"/>
  <system-out/>
  <testcase name="test2" time="0.001" classname="demos.Firstproject"/>
  <system-out/>
</testsuite> <!-- demos.Firstproject -->
